QUERY PLAN
[
  {
    "Plan": {
      "Node Type": "Unique",
      "Parallel Aware": false,
      "Startup Cost": 290.23,
      "Total Cost": 293.21,
      "Plan Rows": 199,
      "Plan Width": 160,
      "Actual Startup Time": 100.208,
      "Actual Total Time": 100.215,
      "Actual Rows": 9,
      "Actual Loops": 1,
      "Plans": [
        {
          "Node Type": "Aggregate",
          "Strategy": "Sorted",
          "Partial Mode": "Simple",
          "Parent Relationship": "InitPlan",
          "Subplan Name": "CTE all_country_stats",
          "Parallel Aware": false,
          "Startup Cost": 248.16,
          "Total Cost": 266.66,
          "Plan Rows": 200,
          "Plan Width": 178,
          "Actual Startup Time": 99.081,
          "Actual Total Time": 99.425,
          "Actual Rows": 24,
          "Actual Loops": 1,
          "Group Key": ["c.country"],
          "Plans": [
            {
              "Node Type": "Sort",
              "Parent Relationship": "Outer",
              "Parallel Aware": false,
              "Startup Cost": 248.16,
              "Total Cost": 250.66,
              "Plan Rows": 1000,
              "Plan Width": 122,
              "Actual Startup Time": 98.477,
              "Actual Total Time": 98.493,
              "Actual Rows": 412,
              "Actual Loops": 1,
              "Sort Key": ["c.country"],
              "Sort Method": "quicksort",
              "Sort Space Used": 57,
              "Sort Space Type": "Memory",
              "Plans": [
                {
                  "Node Type": "Nested Loop",
                  "Parent Relationship": "Outer",
                  "Parallel Aware": false,
                  "Join Type": "Inner",
                  "Startup Cost": 0.00,
                  "Total Cost": 198.33,
                  "Plan Rows": 1000,
                  "Plan Width": 122,
                  "Actual Startup Time": 1.133,
                  "Actual Total Time": 97.858,
                  "Actual Rows": 412,
                  "Actual Loops": 1,
                  "Inner Unique": true,
                  "Plans": [
                    {
                      "Node Type": "Seq Scan",
                      "Parent Relationship": "Outer",
                      "Parallel Aware": false,
                      "Relation Name": "invoice",
                      "Alias": "i",
                      "Startup Cost": 0.00,
                      "Total Cost": 100.00,
                      "Plan Rows": 1000,
                      "Plan Width": 24,
                      "Actual Startup Time": 0.704,
                      "Actual Total Time": 1.676,
                      "Actual Rows": 412,
                      "Actual Loops": 1,
                      "Storage Table Read Requests": 3,
                      "Storage Table Read Execution Time": 0.413
                    },
                    {
                      "Node Type": "Index Scan",
                      "Parent Relationship": "Inner",
                      "Parallel Aware": false,
                      "Scan Direction": "Forward",
                      "Index Name": "pk_customer",
                      "Relation Name": "customer",
                      "Alias": "c",
                      "Startup Cost": 0.00,
                      "Total Cost": 0.11,
                      "Plan Rows": 1,
                      "Plan Width": 102,
                      "Actual Startup Time": 0.225,
                      "Actual Total Time": 0.225,
                      "Actual Rows": 1,
                      "Actual Loops": 412,
                      "Index Cond": "(customerid = i.customerid)",
                      "Rows Removed by Index Recheck": 0,
                      "Storage Table Read Requests": 1,
                      "Storage Table Read Execution Time": 0.207
                    }
                  ]
                }
              ]
            }
          ]
        },
        {
          "Node Type": "CTE Scan",
          "Parent Relationship": "InitPlan",
          "Subplan Name": "CTE grouped_country",
          "Parallel Aware": false,
          "CTE Name": "all_country_stats",
          "Alias": "all_country_stats",
          "Startup Cost": 0.00,
          "Total Cost": 4.50,
          "Plan Rows": 200,
          "Plan Width": 210,
          "Actual Startup Time": 99.087,
          "Actual Total Time": 99.448,
          "Actual Rows": 24,
          "Actual Loops": 1
        },
        {
          "Node Type": "Sort",
          "Parent Relationship": "Outer",
          "Parallel Aware": false,
          "Startup Cost": 19.06,
          "Total Cost": 19.56,
          "Plan Rows": 199,
          "Plan Width": 160,
          "Actual Startup Time": 100.207,
          "Actual Total Time": 100.207,
          "Actual Rows": 9,
          "Actual Loops": 1,
          "Sort Key": ["(sum(grouped_country.no_of_orders)) DESC", "grouped_country.grouped_country", "(sum(grouped_country.no_of_customers))", "(sum(grouped_country.total_order))", "(round(avg(grouped_country.avg_order), 2))"],
          "Sort Method": "quicksort",
          "Sort Space Used": 25,
          "Sort Space Type": "Memory",
          "Plans": [
            {
              "Node Type": "Aggregate",
              "Strategy": "Hashed",
              "Partial Mode": "Simple",
              "Parent Relationship": "Outer",
              "Parallel Aware": false,
              "Startup Cost": 6.99,
              "Total Cost": 11.46,
              "Plan Rows": 199,
              "Plan Width": 160,
              "Actual Startup Time": 99.511,
              "Actual Total Time": 99.517,
              "Actual Rows": 9,
              "Actual Loops": 1,
              "Group Key": ["grouped_country.grouped_country"],
              "Plans": [
                {
                  "Node Type": "CTE Scan",
                  "Parent Relationship": "Outer",
                  "Parallel Aware": false,
                  "CTE Name": "grouped_country",
                  "Alias": "grouped_country",
                  "Startup Cost": 0.00,
                  "Total Cost": 4.50,
                  "Plan Rows": 199,
                  "Plan Width": 112,
                  "Actual Startup Time": 99.151,
                  "Actual Total Time": 99.478,
                  "Actual Rows": 9,
                  "Actual Loops": 1,
                  "Filter": "((grouped_country)::text <> 'Other'::text)",
                  "Rows Removed by Filter": 15
                }
              ]
            }
          ]
        }
      ]
    },
    "Planning Time": 22.632,
    "Triggers": [
    ],
    "Execution Time": 101.328,
    "Storage Read Requests": 415,
    "Storage Read Execution Time": 85.777,
    "Storage Write Requests": 0.000,
    "Catalog Read Requests": 267,
    "Catalog Read Execution Time": 102.490,
    "Catalog Write Requests": 0.000,
    "Storage Flush Requests": 0,
    "Storage Execution Time": 188.267,
    "Peak Memory Usage": 660
  }
]
(1 row)